<?xml version="1.0" encoding="UTF-8"?>
<!-- Generated by org.testng.reporters.JUnitReportReporter -->
<testsuite hostname="DESKTOP-LMD9HKH" failures="0" tests="1" name="test.TC_01_createaccount" time="3.285" errors="0" timestamp="2021-10-14T08:57:42 IST" skipped="0">
  <testcase classname="test.TC_01_createaccount" name="createaccount" time="3.285"/>
  <system-out/>
</testsuite> <!-- test.TC_01_createaccount -->
