<?xml version="1.0" encoding="UTF-8"?>
<!-- Generated by org.testng.reporters.JUnitReportReporter -->
<testsuite hostname="DESKTOP-LMD9HKH" failures="0" tests="1" name="test.TC_01_createaccount" time="5.300" errors="0" timestamp="28 Oct 2021 03:11:33 GMT">
  <testcase classname="test.TC_01_createaccount" name="createaccount" time="5.300"/>
</testsuite> <!-- test.TC_01_createaccount -->
